<?xml version="1.0" encoding="UTF-8"?>
<!-- Generated by org.testng.reporters.JUnitReportReporter -->
<testsuite hostname="TGU1DELL0046" failures="0" tests="1" name="sam.sample" time="0.007" errors="0" timestamp="2023-01-05T16:49:11 IST" skipped="0">
  <testcase classname="sam.sample" name="hi" time="0.007"/>
  <system-out/>
</testsuite> <!-- sam.sample -->
