<?xml version="1.0" encoding="UTF-8"?>
<!-- Generated by org.testng.reporters.JUnitReportReporter -->
<testsuite hostname="TGU1DELL0046" failures="0" tests="1" name="common_reports.N" time="10.288" errors="0" timestamp="2023-01-12T14:47:52 IST" skipped="0">
  <testcase classname="common_reports.N" name="setUp" time="10.288"/>
  <system-out/>
</testsuite> <!-- common_reports.N -->
